# JRE version: OpenJDK Runtime Environment Temurin-21.0.10+7 (21.0.10+7) (build 21.0.10+7-LTS)
# Java VM: OpenJDK 64-Bit Server VM Temurin-21.0.10+7 (21.0.10+7-LTS, mixed mode, sharing, tiered, compressed oops, compressed class ptrs, parallel gc, windows-amd64)
GC Precious Log:
 CardTable entry size: 512
 CPUs: 12 total, 12 available
 Memory: 7896M
 Large Page Support: Disabled
 NUMA Support: Disabled
 Compressed Oops: Enabled (32-bit)
 Alignments: Space 512K, Generation 512K, Heap 2M
 Heap Min Capacity: 100M
 Heap Initial Capacity: 100M
 Heap Max Capacity: 2G
 Pre-touch: Disabled
 Parallel Workers: 10
Heap:
 PSYoungGen      total 25600K, used 20504K [0x00000000d5580000, 0x00000000d7100000, 0x0000000100000000)
  eden space 22016K, 88% used [0x00000000d5580000,0x00000000d6886018,0x00000000d6b00000)
  from space 3584K, 28% used [0x00000000d6b00000,0x00000000d6c00000,0x00000000d6e80000)
  to   space 2048K, 0% used [0x00000000d6f00000,0x00000000d6f00000,0x00000000d7100000)
 ParOldGen       total 68608K, used 19919K [0x0000000080000000, 0x0000000084300000, 0x00000000d5580000)
  object space 68608K, 29% used [0x0000000080000000,0x0000000081373e98,0x0000000084300000)
 Metaspace       used 38878K, committed 39936K, reserved 1114112K
  class space    used 4209K, committed 4672K, reserved 1048576K
GC Heap History (20 events):
Event: 12.432 GC heap before
{Heap before GC invocations=8 (full 0):
 PSYoungGen      total 29696K, used 7332K [0x00000000d5580000, 0x00000000d7880000, 0x0000000100000000)
  eden space 24576K, 9% used [0x00000000d5580000,0x00000000d57b5e80,0x00000000d6d80000)
  from space 5120K, 98% used [0x00000000d6e80000,0x00000000d7373240,0x00000000d7380000)
  to   space 5120K, 0% used [0x00000000d7380000,0x00000000d7380000,0x00000000d7880000)
 ParOldGen       total 68608K, used 9449K [0x0000000080000000, 0x0000000084300000, 0x00000000d5580000)
  object space 68608K, 13% used [0x0000000080000000,0x000000008093a7a0,0x0000000084300000)
 Metaspace       used 20982K, committed 21824K, reserved 1114112K
  class space    used 2222K, committed 2560K, reserved 1048576K
}
Event: 12.435 GC heap after
{Heap after GC invocations=8 (full 0):
 PSYoungGen      total 29184K, used 4201K [0x00000000d5580000, 0x00000000d7800000, 0x0000000100000000)
  eden space 24576K, 0% used [0x00000000d5580000,0x00000000d5580000,0x00000000d6d80000)
  from space 4608K, 91% used [0x00000000d7380000,0x00000000d779a5f8,0x00000000d7800000)
  to   space 4608K, 0% used [0x00000000d6f00000,0x00000000d6f00000,0x00000000d7380000)
 ParOldGen       total 68608K, used 10543K [0x0000000080000000, 0x0000000084300000, 0x00000000d5580000)
  object space 68608K, 15% used [0x0000000080000000,0x0000000080a4bc10,0x0000000084300000)
 Metaspace       used 20982K, committed 21824K, reserved 1114112K
  class space    used 2222K, committed 2560K, reserved 1048576K
}
Event: 12.435 GC heap before
{Heap before GC invocations=9 (full 1):
 PSYoungGen      total 29184K, used 4201K [0x00000000d5580000, 0x00000000d7800000, 0x0000000100000000)
  eden space 24576K, 0% used [0x00000000d5580000,0x00000000d5580000,0x00000000d6d80000)
  from space 4608K, 91% used [0x00000000d7380000,0x00000000d779a5f8,0x00000000d7800000)
  to   space 4608K, 0% used [0x00000000d6f00000,0x00000000d6f00000,0x00000000d7380000)
 ParOldGen       total 68608K, used 10543K [0x0000000080000000, 0x0000000084300000, 0x00000000d5580000)
  object space 68608K, 15% used [0x0000000080000000,0x0000000080a4bc10,0x0000000084300000)
 Metaspace       used 20982K, committed 21824K, reserved 1114112K
  class space    used 2222K, committed 2560K, reserved 1048576K
}
Event: 12.502 GC heap after
{Heap after GC invocations=9 (full 1):
 PSYoungGen      total 29184K, used 0K [0x00000000d5580000, 0x00000000d7800000, 0x0000000100000000)
  eden space 24576K, 0% used [0x00000000d5580000,0x00000000d5580000,0x00000000d6d80000)
  from space 4608K, 0% used [0x00000000d7380000,0x00000000d7380000,0x00000000d7800000)
  to   space 4608K, 0% used [0x00000000d6f00000,0x00000000d6f00000,0x00000000d7380000)
 ParOldGen       total 68608K, used 13940K [0x0000000080000000, 0x0000000084300000, 0x00000000d5580000)
  object space 68608K, 20% used [0x0000000080000000,0x0000000080d9d2f0,0x0000000084300000)
 Metaspace       used 20970K, committed 21824K, reserved 1114112K
  class space    used 2218K, committed 2560K, reserved 1048576K
}
Event: 12.809 GC heap before
{Heap before GC invocations=10 (full 1):
 PSYoungGen      total 29184K, used 24576K [0x00000000d5580000, 0x00000000d7800000, 0x0000000100000000)
  eden space 24576K, 100% used [0x00000000d5580000,0x00000000d6d80000,0x00000000d6d80000)
  from space 4608K, 0% used [0x00000000d7380000,0x00000000d7380000,0x00000000d7800000)
  to   space 4608K, 0% used [0x00000000d6f00000,0x00000000d6f00000,0x00000000d7380000)
 ParOldGen       total 68608K, used 13940K [0x0000000080000000, 0x0000000084300000, 0x00000000d5580000)
  object space 68608K, 20% used [0x0000000080000000,0x0000000080d9d2f0,0x0000000084300000)
 Metaspace       used 23755K, committed 24640K, reserved 1114112K
  class space    used 2390K, committed 2752K, reserved 1048576K
}
Event: 12.811 GC heap after
{Heap after GC invocations=10 (full 1):
 PSYoungGen      total 24576K, used 352K [0x00000000d5580000, 0x00000000d7400000, 0x0000000100000000)
  eden space 24064K, 0% used [0x00000000d5580000,0x00000000d5580000,0x00000000d6d00000)
  from space 512K, 68% used [0x00000000d6f00000,0x00000000d6f58000,0x00000000d6f80000)
  to   space 2048K, 0% used [0x00000000d7200000,0x00000000d7200000,0x00000000d7400000)
 ParOldGen       total 68608K, used 13940K [0x0000000080000000, 0x0000000084300000, 0x00000000d5580000)
  object space 68608K, 20% used [0x0000000080000000,0x0000000080d9d2f0,0x0000000084300000)
 Metaspace       used 23755K, committed 24640K, reserved 1114112K
  class space    used 2390K, committed 2752K, reserved 1048576K
}
Event: 13.130 GC heap before
{Heap before GC invocations=11 (full 1):
 PSYoungGen      total 24576K, used 24416K [0x00000000d5580000, 0x00000000d7400000, 0x0000000100000000)
  eden space 24064K, 100% used [0x00000000d5580000,0x00000000d6d00000,0x00000000d6d00000)
  from space 512K, 68% used [0x00000000d6f00000,0x00000000d6f58000,0x00000000d6f80000)
  to   space 2048K, 0% used [0x00000000d7200000,0x00000000d7200000,0x00000000d7400000)
 ParOldGen       total 68608K, used 13940K [0x0000000080000000, 0x0000000084300000, 0x00000000d5580000)
  object space 68608K, 20% used [0x0000000080000000,0x0000000080d9d2f0,0x0000000084300000)
 Metaspace       used 26481K, committed 27328K, reserved 1114112K
  class space    used 2608K, committed 2944K, reserved 1048576K
}
Event: 13.132 GC heap after
{Heap after GC invocations=11 (full 1):
 PSYoungGen      total 25088K, used 1435K [0x00000000d5580000, 0x00000000d7380000, 0x0000000100000000)
  eden space 23552K, 0% used [0x00000000d5580000,0x00000000d5580000,0x00000000d6c80000)
  from space 1536K, 93% used [0x00000000d7200000,0x00000000d7366da0,0x00000000d7380000)
  to   space 2048K, 0% used [0x00000000d6f80000,0x00000000d6f80000,0x00000000d7180000)
 ParOldGen       total 68608K, used 14730K [0x0000000080000000, 0x0000000084300000, 0x00000000d5580000)
  object space 68608K, 21% used [0x0000000080000000,0x0000000080e62800,0x0000000084300000)
 Metaspace       used 26481K, committed 27328K, reserved 1114112K
  class space    used 2608K, committed 2944K, reserved 1048576K
}
Event: 13.500 GC heap before
{Heap before GC invocations=12 (full 1):
 PSYoungGen      total 25088K, used 24987K [0x00000000d5580000, 0x00000000d7380000, 0x0000000100000000)
  eden space 23552K, 100% used [0x00000000d5580000,0x00000000d6c80000,0x00000000d6c80000)
  from space 1536K, 93% used [0x00000000d7200000,0x00000000d7366da0,0x00000000d7380000)
  to   space 2048K, 0% used [0x00000000d6f80000,0x00000000d6f80000,0x00000000d7180000)
 ParOldGen       total 68608K, used 14730K [0x0000000080000000, 0x0000000084300000, 0x00000000d5580000)
  object space 68608K, 21% used [0x0000000080000000,0x0000000080e62800,0x0000000084300000)
 Metaspace       used 28497K, committed 29376K, reserved 1114112K
  class space    used 2808K, committed 3136K, reserved 1048576K
}
Event: 13.503 GC heap after
{Heap after GC invocations=12 (full 1):
 PSYoungGen      total 24576K, used 1229K [0x00000000d5580000, 0x00000000d7280000, 0x0000000100000000)
  eden space 23040K, 0% used [0x00000000d5580000,0x00000000d5580000,0x00000000d6c00000)
  from space 1536K, 80% used [0x00000000d6f80000,0x00000000d70b3670,0x00000000d7100000)
  to   space 1536K, 0% used [0x00000000d7100000,0x00000000d7100000,0x00000000d7280000)
 ParOldGen       total 68608K, used 15931K [0x0000000080000000, 0x0000000084300000, 0x00000000d5580000)
  object space 68608K, 23% used [0x0000000080000000,0x0000000080f8eea0,0x0000000084300000)
 Metaspace       used 28497K, committed 29376K, reserved 1114112K
  class space    used 2808K, committed 3136K, reserved 1048576K
}
Event: 13.895 GC heap before
{Heap before GC invocations=13 (full 1):
 PSYoungGen      total 24576K, used 24269K [0x00000000d5580000, 0x00000000d7280000, 0x0000000100000000)
  eden space 23040K, 100% used [0x00000000d5580000,0x00000000d6c00000,0x00000000d6c00000)
  from space 1536K, 80% used [0x00000000d6f80000,0x00000000d70b3670,0x00000000d7100000)
  to   space 1536K, 0% used [0x00000000d7100000,0x00000000d7100000,0x00000000d7280000)
 ParOldGen       total 68608K, used 15931K [0x0000000080000000, 0x0000000084300000, 0x00000000d5580000)
  object space 68608K, 23% used [0x0000000080000000,0x0000000080f8eea0,0x0000000084300000)
 Metaspace       used 31874K, committed 32832K, reserved 1114112K
  class space    used 3268K, committed 3648K, reserved 1048576K
}
Event: 13.899 GC heap after
{Heap after GC invocations=13 (full 1):
 PSYoungGen      total 23552K, used 973K [0x00000000d5580000, 0x00000000d7200000, 0x0000000100000000)
  eden space 22528K, 0% used [0x00000000d5580000,0x00000000d5580000,0x00000000d6b80000)
  from space 1024K, 95% used [0x00000000d7100000,0x00000000d71f3500,0x00000000d7200000)
  to   space 1536K, 0% used [0x00000000d6f00000,0x00000000d6f00000,0x00000000d7080000)
 ParOldGen       total 68608K, used 16974K [0x0000000080000000, 0x0000000084300000, 0x00000000d5580000)
  object space 68608K, 24% used [0x0000000080000000,0x00000000810938f8,0x0000000084300000)
 Metaspace       used 31874K, committed 32832K, reserved 1114112K
  class space    used 3268K, committed 3648K, reserved 1048576K
}
Event: 14.158 GC heap before
{Heap before GC invocations=14 (full 1):
 PSYoungGen      total 23552K, used 23501K [0x00000000d5580000, 0x00000000d7200000, 0x0000000100000000)
  eden space 22528K, 100% used [0x00000000d5580000,0x00000000d6b80000,0x00000000d6b80000)
  from space 1024K, 95% used [0x00000000d7100000,0x00000000d71f3500,0x00000000d7200000)
  to   space 1536K, 0% used [0x00000000d6f00000,0x00000000d6f00000,0x00000000d7080000)
 ParOldGen       total 68608K, used 16974K [0x0000000080000000, 0x0000000084300000, 0x00000000d5580000)
  object space 68608K, 24% used [0x0000000080000000,0x00000000810938f8,0x0000000084300000)
 Metaspace       used 34254K, committed 35264K, reserved 1114112K
  class space    used 3553K, committed 3968K, reserved 1048576K
}
Event: 14.163 GC heap after
{Heap after GC invocations=14 (full 1):
 PSYoungGen      total 23552K, used 1481K [0x00000000d5580000, 0x00000000d7180000, 0x0000000100000000)
  eden space 22016K, 0% used [0x00000000d5580000,0x00000000d5580000,0x00000000d6b00000)
  from space 1536K, 96% used [0x00000000d6f00000,0x00000000d7072608,0x00000000d7080000)
  to   space 1024K, 0% used [0x00000000d7080000,0x00000000d7080000,0x00000000d7180000)
 ParOldGen       total 68608K, used 18196K [0x0000000080000000, 0x0000000084300000, 0x00000000d5580000)
  object space 68608K, 26% used [0x0000000080000000,0x00000000811c5318,0x0000000084300000)
 Metaspace       used 34254K, committed 35264K, reserved 1114112K
  class space    used 3553K, committed 3968K, reserved 1048576K
}
Event: 14.477 GC heap before
{Heap before GC invocations=15 (full 1):
 PSYoungGen      total 23552K, used 15475K [0x00000000d5580000, 0x00000000d7180000, 0x0000000100000000)
  eden space 22016K, 63% used [0x00000000d5580000,0x00000000d632a7a8,0x00000000d6b00000)
  from space 1536K, 96% used [0x00000000d6f00000,0x00000000d7072608,0x00000000d7080000)
  to   space 1024K, 0% used [0x00000000d7080000,0x00000000d7080000,0x00000000d7180000)
 ParOldGen       total 68608K, used 18196K [0x0000000080000000, 0x0000000084300000, 0x00000000d5580000)
  object space 68608K, 26% used [0x0000000080000000,0x00000000811c5318,0x0000000084300000)
 Metaspace       used 35384K, committed 36416K, reserved 1114112K
  class space    used 3704K, committed 4160K, reserved 1048576K
}
Event: 14.489 GC heap after
{Heap after GC invocations=15 (full 1):
 PSYoungGen      total 23040K, used 1024K [0x00000000d5580000, 0x00000000d7200000, 0x0000000100000000)
  eden space 22016K, 0% used [0x00000000d5580000,0x00000000d5580000,0x00000000d6b00000)
  from space 1024K, 100% used [0x00000000d7080000,0x00000000d7180000,0x00000000d7180000)
  to   space 3584K, 0% used [0x00000000d6b00000,0x00000000d6b00000,0x00000000d6e80000)
 ParOldGen       total 68608K, used 20214K [0x0000000080000000, 0x0000000084300000, 0x00000000d5580000)
  object space 68608K, 29% used [0x0000000080000000,0x00000000813bda38,0x0000000084300000)
 Metaspace       used 35384K, committed 36416K, reserved 1114112K
  class space    used 3704K, committed 4160K, reserved 1048576K
}
Event: 14.489 GC heap before
{Heap before GC invocations=16 (full 2):
 PSYoungGen      total 23040K, used 1024K [0x00000000d5580000, 0x00000000d7200000, 0x0000000100000000)
  eden space 22016K, 0% used [0x00000000d5580000,0x00000000d5580000,0x00000000d6b00000)
  from space 1024K, 100% used [0x00000000d7080000,0x00000000d7180000,0x00000000d7180000)
  to   space 3584K, 0% used [0x00000000d6b00000,0x00000000d6b00000,0x00000000d6e80000)
 ParOldGen       total 68608K, used 20214K [0x0000000080000000, 0x0000000084300000, 0x00000000d5580000)
  object space 68608K, 29% used [0x0000000080000000,0x00000000813bda38,0x0000000084300000)
 Metaspace       used 35384K, committed 36416K, reserved 1114112K
  class space    used 3704K, committed 4160K, reserved 1048576K
}
Event: 14.625 GC heap after
{Heap after GC invocations=16 (full 2):
 PSYoungGen      total 23040K, used 0K [0x00000000d5580000, 0x00000000d7200000, 0x0000000100000000)
  eden space 22016K, 0% used [0x00000000d5580000,0x00000000d5580000,0x00000000d6b00000)
  from space 1024K, 0% used [0x00000000d7080000,0x00000000d7080000,0x00000000d7180000)
  to   space 3584K, 0% used [0x00000000d6b00000,0x00000000d6b00000,0x00000000d6e80000)
 ParOldGen       total 68608K, used 19911K [0x0000000080000000, 0x0000000084300000, 0x00000000d5580000)
  object space 68608K, 29% used [0x0000000080000000,0x0000000081371e98,0x0000000084300000)
 Metaspace       used 35374K, committed 36416K, reserved 1114112K
  class space    used 3701K, committed 4160K, reserved 1048576K
}
Event: 15.056 GC heap before
{Heap before GC invocations=17 (full 2):
 PSYoungGen      total 23040K, used 22016K [0x00000000d5580000, 0x00000000d7200000, 0x0000000100000000)
  eden space 22016K, 100% used [0x00000000d5580000,0x00000000d6b00000,0x00000000d6b00000)
  from space 1024K, 0% used [0x00000000d7080000,0x00000000d7080000,0x00000000d7180000)
  to   space 3584K, 0% used [0x00000000d6b00000,0x00000000d6b00000,0x00000000d6e80000)
 ParOldGen       total 68608K, used 19911K [0x0000000080000000, 0x0000000084300000, 0x00000000d5580000)
  object space 68608K, 29% used [0x0000000080000000,0x0000000081371e98,0x0000000084300000)
 Metaspace       used 37387K, committed 38464K, reserved 1114112K
  class space    used 3999K, committed 4416K, reserved 1048576K
}
Event: 15.062 GC heap after
{Heap after GC invocations=17 (full 2):
 PSYoungGen      total 25600K, used 1024K [0x00000000d5580000, 0x00000000d7100000, 0x0000000100000000)
  eden space 22016K, 0% used [0x00000000d5580000,0x00000000d5580000,0x00000000d6b00000)
  from space 3584K, 28% used [0x00000000d6b00000,0x00000000d6c00000,0x00000000d6e80000)
  to   space 2048K, 0% used [0x00000000d6f00000,0x00000000d6f00000,0x00000000d7100000)
 ParOldGen       total 68608K, used 19919K [0x0000000080000000, 0x0000000084300000, 0x00000000d5580000)
  object space 68608K, 29% used [0x0000000080000000,0x0000000081373e98,0x0000000084300000)
 Metaspace       used 37387K, committed 38464K, reserved 1114112K
  class space    used 3999K, committed 4416K, reserved 1048576K
}

