# JRE version: OpenJDK Runtime Environment Temurin-21.0.10+7 (21.0.10+7) (build 21.0.10+7-LTS)
# Java VM: OpenJDK 64-Bit Server VM Temurin-21.0.10+7 (21.0.10+7-LTS, mixed mode, sharing, tiered, compressed oops, compressed class ptrs, parallel gc, windows-amd64)
GC Precious Log:
 CardTable entry size: 512
 CPUs: 12 total, 12 available
 Memory: 7896M
 Large Page Support: Disabled
 NUMA Support: Disabled
 Compressed Oops: Enabled (32-bit)
 Alignments: Space 512K, Generation 512K, Heap 2M
 Heap Min Capacity: 100M
 Heap Initial Capacity: 100M
 Heap Max Capacity: 2G
 Pre-touch: Disabled
 Parallel Workers: 10
Heap:
 PSYoungGen      total 23040K, used 1419K [0x00000000d5580000, 0x00000000d7000000, 0x0000000100000000)
  eden space 21504K, 1% used [0x00000000d5580000,0x00000000d55df0a8,0x00000000d6a80000)
  from space 1536K, 68% used [0x00000000d6e80000,0x00000000d6f88000,0x00000000d7000000)
  to   space 2560K, 0% used [0x00000000d6b00000,0x00000000d6b00000,0x00000000d6d80000)
 ParOldGen       total 68608K, used 30695K [0x0000000080000000, 0x0000000084300000, 0x00000000d5580000)
  object space 68608K, 44% used [0x0000000080000000,0x0000000081df9cf8,0x0000000084300000)
 Metaspace       used 43882K, committed 45056K, reserved 1114112K
  class space    used 4943K, committed 5440K, reserved 1048576K
GC Heap History (20 events):
Event: 18.531 GC heap before
{Heap before GC invocations=10 (full 1):
 PSYoungGen      total 25088K, used 25022K [0x00000000d5580000, 0x00000000d7480000, 0x0000000100000000)
  eden space 24064K, 100% used [0x00000000d5580000,0x00000000d6d00000,0x00000000d6d00000)
  from space 1024K, 93% used [0x00000000d7380000,0x00000000d746f910,0x00000000d7480000)
  to   space 2560K, 0% used [0x00000000d6f80000,0x00000000d6f80000,0x00000000d7200000)
 ParOldGen       total 68608K, used 13654K [0x0000000080000000, 0x0000000084300000, 0x00000000d5580000)
  object space 68608K, 19% used [0x0000000080000000,0x0000000080d55820,0x0000000084300000)
 Metaspace       used 26496K, committed 27328K, reserved 1114112K
  class space    used 2606K, committed 2944K, reserved 1048576K
}
Event: 18.534 GC heap after
{Heap after GC invocations=10 (full 1):
 PSYoungGen      total 26112K, used 2548K [0x00000000d5580000, 0x00000000d7400000, 0x0000000100000000)
  eden space 23552K, 0% used [0x00000000d5580000,0x00000000d5580000,0x00000000d6c80000)
  from space 2560K, 99% used [0x00000000d6f80000,0x00000000d71fd0f0,0x00000000d7200000)
  to   space 2048K, 0% used [0x00000000d7200000,0x00000000d7200000,0x00000000d7400000)
 ParOldGen       total 68608K, used 13678K [0x0000000080000000, 0x0000000084300000, 0x00000000d5580000)
  object space 68608K, 19% used [0x0000000080000000,0x0000000080d5b820,0x0000000084300000)
 Metaspace       used 26496K, committed 27328K, reserved 1114112K
  class space    used 2606K, committed 2944K, reserved 1048576K
}
Event: 18.884 GC heap before
{Heap before GC invocations=11 (full 1):
 PSYoungGen      total 26112K, used 26100K [0x00000000d5580000, 0x00000000d7400000, 0x0000000100000000)
  eden space 23552K, 100% used [0x00000000d5580000,0x00000000d6c80000,0x00000000d6c80000)
  from space 2560K, 99% used [0x00000000d6f80000,0x00000000d71fd0f0,0x00000000d7200000)
  to   space 2048K, 0% used [0x00000000d7200000,0x00000000d7200000,0x00000000d7400000)
 ParOldGen       total 68608K, used 13678K [0x0000000080000000, 0x0000000084300000, 0x00000000d5580000)
  object space 68608K, 19% used [0x0000000080000000,0x0000000080d5b820,0x0000000084300000)
 Metaspace       used 27953K, committed 28928K, reserved 1114112K
  class space    used 2763K, committed 3136K, reserved 1048576K
}
Event: 18.887 GC heap after
{Heap after GC invocations=11 (full 1):
 PSYoungGen      total 25088K, used 2036K [0x00000000d5580000, 0x00000000d7400000, 0x0000000100000000)
  eden space 23040K, 0% used [0x00000000d5580000,0x00000000d5580000,0x00000000d6c00000)
  from space 2048K, 99% used [0x00000000d7200000,0x00000000d73fd1f8,0x00000000d7400000)
  to   space 3584K, 0% used [0x00000000d6d00000,0x00000000d6d00000,0x00000000d7080000)
 ParOldGen       total 68608K, used 15003K [0x0000000080000000, 0x0000000084300000, 0x00000000d5580000)
  object space 68608K, 21% used [0x0000000080000000,0x0000000080ea6e88,0x0000000084300000)
 Metaspace       used 27953K, committed 28928K, reserved 1114112K
  class space    used 2763K, committed 3136K, reserved 1048576K
}
Event: 19.360 GC heap before
{Heap before GC invocations=12 (full 1):
 PSYoungGen      total 25088K, used 25076K [0x00000000d5580000, 0x00000000d7400000, 0x0000000100000000)
  eden space 23040K, 100% used [0x00000000d5580000,0x00000000d6c00000,0x00000000d6c00000)
  from space 2048K, 99% used [0x00000000d7200000,0x00000000d73fd1f8,0x00000000d7400000)
  to   space 3584K, 0% used [0x00000000d6d00000,0x00000000d6d00000,0x00000000d7080000)
 ParOldGen       total 68608K, used 15003K [0x0000000080000000, 0x0000000084300000, 0x00000000d5580000)
  object space 68608K, 21% used [0x0000000080000000,0x0000000080ea6e88,0x0000000084300000)
 Metaspace       used 31658K, committed 32640K, reserved 1114112K
  class space    used 3226K, committed 3648K, reserved 1048576K
}
Event: 19.368 GC heap after
{Heap after GC invocations=12 (full 1):
 PSYoungGen      total 26112K, used 1025K [0x00000000d5580000, 0x00000000d7280000, 0x0000000100000000)
  eden space 22528K, 0% used [0x00000000d5580000,0x00000000d5580000,0x00000000d6b80000)
  from space 3584K, 28% used [0x00000000d6d00000,0x00000000d6e00410,0x00000000d7080000)
  to   space 2048K, 0% used [0x00000000d7080000,0x00000000d7080000,0x00000000d7280000)
 ParOldGen       total 68608K, used 16955K [0x0000000080000000, 0x0000000084300000, 0x00000000d5580000)
  object space 68608K, 24% used [0x0000000080000000,0x000000008108ee78,0x0000000084300000)
 Metaspace       used 31658K, committed 32640K, reserved 1114112K
  class space    used 3226K, committed 3648K, reserved 1048576K
}
Event: 19.738 GC heap before
{Heap before GC invocations=13 (full 1):
 PSYoungGen      total 26112K, used 23553K [0x00000000d5580000, 0x00000000d7280000, 0x0000000100000000)
  eden space 22528K, 100% used [0x00000000d5580000,0x00000000d6b80000,0x00000000d6b80000)
  from space 3584K, 28% used [0x00000000d6d00000,0x00000000d6e00410,0x00000000d7080000)
  to   space 2048K, 0% used [0x00000000d7080000,0x00000000d7080000,0x00000000d7280000)
 ParOldGen       total 68608K, used 16955K [0x0000000080000000, 0x0000000084300000, 0x00000000d5580000)
  object space 68608K, 24% used [0x0000000080000000,0x000000008108ee78,0x0000000084300000)
 Metaspace       used 34098K, committed 35200K, reserved 1114112K
  class space    used 3527K, committed 3968K, reserved 1048576K
}
Event: 19.743 GC heap after
{Heap after GC invocations=13 (full 1):
 PSYoungGen      total 24064K, used 2039K [0x00000000d5580000, 0x00000000d7280000, 0x0000000100000000)
  eden space 22016K, 0% used [0x00000000d5580000,0x00000000d5580000,0x00000000d6b00000)
  from space 2048K, 99% used [0x00000000d7080000,0x00000000d727df08,0x00000000d7280000)
  to   space 3584K, 0% used [0x00000000d6b80000,0x00000000d6b80000,0x00000000d6f00000)
 ParOldGen       total 68608K, used 17763K [0x0000000080000000, 0x0000000084300000, 0x00000000d5580000)
  object space 68608K, 25% used [0x0000000080000000,0x0000000081158ea0,0x0000000084300000)
 Metaspace       used 34098K, committed 35200K, reserved 1114112K
  class space    used 3527K, committed 3968K, reserved 1048576K
}
Event: 19.825 GC heap before
{Heap before GC invocations=14 (full 1):
 PSYoungGen      total 24064K, used 8704K [0x00000000d5580000, 0x00000000d7280000, 0x0000000100000000)
  eden space 22016K, 30% used [0x00000000d5580000,0x00000000d5c024b0,0x00000000d6b00000)
  from space 2048K, 99% used [0x00000000d7080000,0x00000000d727df08,0x00000000d7280000)
  to   space 3584K, 0% used [0x00000000d6b80000,0x00000000d6b80000,0x00000000d6f00000)
 ParOldGen       total 68608K, used 17763K [0x0000000080000000, 0x0000000084300000, 0x00000000d5580000)
  object space 68608K, 25% used [0x0000000080000000,0x0000000081158ea0,0x0000000084300000)
 Metaspace       used 34757K, committed 35840K, reserved 1114112K
  class space    used 3612K, committed 4032K, reserved 1048576K
}
Event: 19.829 GC heap after
{Heap after GC invocations=14 (full 1):
 PSYoungGen      total 25600K, used 320K [0x00000000d5580000, 0x00000000d7100000, 0x0000000100000000)
  eden space 22016K, 0% used [0x00000000d5580000,0x00000000d5580000,0x00000000d6b00000)
  from space 3584K, 8% used [0x00000000d6b80000,0x00000000d6bd0000,0x00000000d6f00000)
  to   space 1536K, 0% used [0x00000000d6f80000,0x00000000d6f80000,0x00000000d7100000)
 ParOldGen       total 68608K, used 19606K [0x0000000080000000, 0x0000000084300000, 0x00000000d5580000)
  object space 68608K, 28% used [0x0000000080000000,0x0000000081325aa0,0x0000000084300000)
 Metaspace       used 34757K, committed 35840K, reserved 1114112K
  class space    used 3612K, committed 4032K, reserved 1048576K
}
Event: 19.829 GC heap before
{Heap before GC invocations=15 (full 2):
 PSYoungGen      total 25600K, used 320K [0x00000000d5580000, 0x00000000d7100000, 0x0000000100000000)
  eden space 22016K, 0% used [0x00000000d5580000,0x00000000d5580000,0x00000000d6b00000)
  from space 3584K, 8% used [0x00000000d6b80000,0x00000000d6bd0000,0x00000000d6f00000)
  to   space 1536K, 0% used [0x00000000d6f80000,0x00000000d6f80000,0x00000000d7100000)
 ParOldGen       total 68608K, used 19606K [0x0000000080000000, 0x0000000084300000, 0x00000000d5580000)
  object space 68608K, 28% used [0x0000000080000000,0x0000000081325aa0,0x0000000084300000)
 Metaspace       used 34757K, committed 35840K, reserved 1114112K
  class space    used 3612K, committed 4032K, reserved 1048576K
}
Event: 19.894 GC heap after
{Heap after GC invocations=15 (full 2):
 PSYoungGen      total 25600K, used 0K [0x00000000d5580000, 0x00000000d7100000, 0x0000000100000000)
  eden space 22016K, 0% used [0x00000000d5580000,0x00000000d5580000,0x00000000d6b00000)
  from space 3584K, 0% used [0x00000000d6b80000,0x00000000d6b80000,0x00000000d6f00000)
  to   space 1536K, 0% used [0x00000000d6f80000,0x00000000d6f80000,0x00000000d7100000)
 ParOldGen       total 68608K, used 18706K [0x0000000080000000, 0x0000000084300000, 0x00000000d5580000)
  object space 68608K, 27% used [0x0000000080000000,0x0000000081244b98,0x0000000084300000)
 Metaspace       used 34734K, committed 35840K, reserved 1114112K
  class space    used 3606K, committed 4032K, reserved 1048576K
}
Event: 20.250 GC heap before
{Heap before GC invocations=16 (full 2):
 PSYoungGen      total 25600K, used 22016K [0x00000000d5580000, 0x00000000d7100000, 0x0000000100000000)
  eden space 22016K, 100% used [0x00000000d5580000,0x00000000d6b00000,0x00000000d6b00000)
  from space 3584K, 0% used [0x00000000d6b80000,0x00000000d6b80000,0x00000000d6f00000)
  to   space 1536K, 0% used [0x00000000d6f80000,0x00000000d6f80000,0x00000000d7100000)
 ParOldGen       total 68608K, used 18706K [0x0000000080000000, 0x0000000084300000, 0x00000000d5580000)
  object space 68608K, 27% used [0x0000000080000000,0x0000000081244b98,0x0000000084300000)
 Metaspace       used 36642K, committed 37696K, reserved 1114112K
  class space    used 3901K, committed 4288K, reserved 1048576K
}
Event: 20.254 GC heap after
{Heap after GC invocations=16 (full 2):
 PSYoungGen      total 23552K, used 1511K [0x00000000d5580000, 0x00000000d7100000, 0x0000000100000000)
  eden space 22016K, 0% used [0x00000000d5580000,0x00000000d5580000,0x00000000d6b00000)
  from space 1536K, 98% used [0x00000000d6f80000,0x00000000d70f9ea0,0x00000000d7100000)
  to   space 3072K, 0% used [0x00000000d6b00000,0x00000000d6b00000,0x00000000d6e00000)
 ParOldGen       total 68608K, used 19434K [0x0000000080000000, 0x0000000084300000, 0x00000000d5580000)
  object space 68608K, 28% used [0x0000000080000000,0x00000000812fab98,0x0000000084300000)
 Metaspace       used 36642K, committed 37696K, reserved 1114112K
  class space    used 3901K, committed 4288K, reserved 1048576K
}
Event: 20.577 GC heap before
{Heap before GC invocations=17 (full 2):
 PSYoungGen      total 23552K, used 23527K [0x00000000d5580000, 0x00000000d7100000, 0x0000000100000000)
  eden space 22016K, 100% used [0x00000000d5580000,0x00000000d6b00000,0x00000000d6b00000)
  from space 1536K, 98% used [0x00000000d6f80000,0x00000000d70f9ea0,0x00000000d7100000)
  to   space 3072K, 0% used [0x00000000d6b00000,0x00000000d6b00000,0x00000000d6e00000)
 ParOldGen       total 68608K, used 19434K [0x0000000080000000, 0x0000000084300000, 0x00000000d5580000)
  object space 68608K, 28% used [0x0000000080000000,0x00000000812fab98,0x0000000084300000)
 Metaspace       used 38634K, committed 39744K, reserved 1114112K
  class space    used 4200K, committed 4672K, reserved 1048576K
}
Event: 20.581 GC heap after
{Heap after GC invocations=17 (full 2):
 PSYoungGen      total 25088K, used 816K [0x00000000d5580000, 0x00000000d7000000, 0x0000000100000000)
  eden space 22016K, 0% used [0x00000000d5580000,0x00000000d5580000,0x00000000d6b00000)
  from space 3072K, 26% used [0x00000000d6b00000,0x00000000d6bcc010,0x00000000d6e00000)
  to   space 1536K, 0% used [0x00000000d6e80000,0x00000000d6e80000,0x00000000d7000000)
 ParOldGen       total 68608K, used 20815K [0x0000000080000000, 0x0000000084300000, 0x00000000d5580000)
  object space 68608K, 30% used [0x0000000080000000,0x0000000081453c98,0x0000000084300000)
 Metaspace       used 38634K, committed 39744K, reserved 1114112K
  class space    used 4200K, committed 4672K, reserved 1048576K
}
Event: 21.137 GC heap before
{Heap before GC invocations=18 (full 2):
 PSYoungGen      total 25088K, used 22832K [0x00000000d5580000, 0x00000000d7000000, 0x0000000100000000)
  eden space 22016K, 100% used [0x00000000d5580000,0x00000000d6b00000,0x00000000d6b00000)
  from space 3072K, 26% used [0x00000000d6b00000,0x00000000d6bcc010,0x00000000d6e00000)
  to   space 1536K, 0% used [0x00000000d6e80000,0x00000000d6e80000,0x00000000d7000000)
 ParOldGen       total 68608K, used 20815K [0x0000000080000000, 0x0000000084300000, 0x00000000d5580000)
  object space 68608K, 30% used [0x0000000080000000,0x0000000081453c98,0x0000000084300000)
 Metaspace       used 40176K, committed 41408K, reserved 1114112K
  class space    used 4395K, committed 4928K, reserved 1048576K
}
Event: 21.141 GC heap after
{Heap after GC invocations=18 (full 2):
 PSYoungGen      total 23040K, used 1517K [0x00000000d5580000, 0x00000000d7300000, 0x0000000100000000)
  eden space 21504K, 0% used [0x00000000d5580000,0x00000000d5580000,0x00000000d6a80000)
  from space 1536K, 98% used [0x00000000d6e80000,0x00000000d6ffb6f8,0x00000000d7000000)
  to   space 4096K, 0% used [0x00000000d6a80000,0x00000000d6a80000,0x00000000d6e80000)
 ParOldGen       total 68608K, used 22585K [0x0000000080000000, 0x0000000084300000, 0x00000000d5580000)
  object space 68608K, 32% used [0x0000000080000000,0x000000008160e420,0x0000000084300000)
 Metaspace       used 40176K, committed 41408K, reserved 1114112K
  class space    used 4395K, committed 4928K, reserved 1048576K
}
Event: 22.626 GC heap before
{Heap before GC invocations=19 (full 2):
 PSYoungGen      total 23040K, used 23021K [0x00000000d5580000, 0x00000000d7300000, 0x0000000100000000)
  eden space 21504K, 100% used [0x00000000d5580000,0x00000000d6a80000,0x00000000d6a80000)
  from space 1536K, 98% used [0x00000000d6e80000,0x00000000d6ffb6f8,0x00000000d7000000)
  to   space 4096K, 0% used [0x00000000d6a80000,0x00000000d6a80000,0x00000000d6e80000)
 ParOldGen       total 68608K, used 22585K [0x0000000080000000, 0x0000000084300000, 0x00000000d5580000)
  object space 68608K, 32% used [0x0000000080000000,0x000000008160e420,0x0000000084300000)
 Metaspace       used 41668K, committed 42816K, reserved 1114112K
  class space    used 4615K, committed 5120K, reserved 1048576K
}
Event: 22.631 GC heap after
{Heap after GC invocations=19 (full 2):
 PSYoungGen      total 25600K, used 3772K [0x00000000d5580000, 0x00000000d7280000, 0x0000000100000000)
  eden space 21504K, 0% used [0x00000000d5580000,0x00000000d5580000,0x00000000d6a80000)
  from space 4096K, 92% used [0x00000000d6a80000,0x00000000d6e2f118,0x00000000d6e80000)
  to   space 4096K, 0% used [0x00000000d6e80000,0x00000000d6e80000,0x00000000d7280000)
 ParOldGen       total 68608K, used 27156K [0x0000000080000000, 0x0000000084300000, 0x00000000d5580000)
  object space 68608K, 39% used [0x0000000080000000,0x0000000081a853f0,0x0000000084300000)
 Metaspace       used 41668K, committed 42816K, reserved 1114112K
  class space    used 4615K, committed 5120K, reserved 1048576K
}

